# JRE version: 7.0_07-b10
# Java VM: Java HotSpot(TM) Server VM (23.3-b01 mixed mode linux-x86 )
Heap
 PSYoungGen      total 168640K, used 80833K [0xe1af0000, 0xefe60000, 0xf3640000)
  eden space 117056K, 36% used [0xe1af0000,0xe45383c8,0xe8d40000)
  from space 51584K, 72% used [0xe8d40000,0xeb1e8190,0xebfa0000)
  to   space 55040K, 0% used [0xec8a0000,0xec8a0000,0xefe60000)
 ParOldGen       total 144448K, used 120621K [0xbe440000, 0xc7150000, 0xe1af0000)
  object space 144448K, 83% used [0xbe440000,0xc5a0b490,0xc7150000)
 PSPermGen       total 83968K, used 52064K [0xaea40000, 0xb3c40000, 0xbe440000)
  object space 83968K, 62% used [0xaea40000,0xb1d18370,0xb3c40000)
GC Heap History (10 events):
Event: 251.882 GC heap before
{Heap before GC invocations=38 (full 5):
 PSYoungGen      total 151296K, used 111576K [0xe1af0000, 0xee4a0000, 0xf3640000)
  eden space 107328K, 100% used [0xe1af0000,0xe83c0000,0xe83c0000)
  from space 43968K, 9% used [0xeadd0000,0xeb1f6060,0xed8c0000)
  to   space 43072K, 0% used [0xe83c0000,0xe83c0000,0xeadd0000)
 ParOldGen       total 144448K, used 120621K [0xbe440000, 0xc7150000, 0xe1af0000)
  object space 144448K, 83% used [0xbe440000,0xc5a0b490,0xc7150000)
 PSPermGen       total 83968K, used 51205K [0xaea40000, 0xb3c40000, 0xbe440000)
  object space 83968K, 60% used [0xaea40000,0xb1c41760,0xb3c40000)
Event: 251.898 GC heap after
Heap after GC invocations=38 (full 5):
 PSYoungGen      total 150400K, used 13771K [0xe1af0000, 0xede10000, 0xf3640000)
  eden space 107328K, 0% used [0xe1af0000,0xe1af0000,0xe83c0000)
  from space 43072K, 31% used [0xe83c0000,0xe9132e28,0xeadd0000)
  to   space 40320K, 0% used [0xeb6b0000,0xeb6b0000,0xede10000)
 ParOldGen       total 144448K, used 120621K [0xbe440000, 0xc7150000, 0xe1af0000)
  object space 144448K, 83% used [0xbe440000,0xc5a0b490,0xc7150000)
 PSPermGen       total 83968K, used 51205K [0xaea40000, 0xb3c40000, 0xbe440000)
  object space 83968K, 60% used [0xaea40000,0xb1c41760,0xb3c40000)
}
Event: 329.443 GC heap before
{Heap before GC invocations=39 (full 5):
 PSYoungGen      total 150400K, used 121099K [0xe1af0000, 0xede10000, 0xf3640000)
  eden space 107328K, 100% used [0xe1af0000,0xe83c0000,0xe83c0000)
  from space 43072K, 31% used [0xe83c0000,0xe9132e28,0xeadd0000)
  to   space 40320K, 0% used [0xeb6b0000,0xeb6b0000,0xede10000)
 ParOldGen       total 144448K, used 120621K [0xbe440000, 0xc7150000, 0xe1af0000)
  object space 144448K, 83% used [0xbe440000,0xc5a0b490,0xc7150000)
 PSPermGen       total 83968K, used 51206K [0xaea40000, 0xb3c40000, 0xbe440000)
  object space 83968K, 60% used [0xaea40000,0xb1c41998,0xb3c40000)
Event: 329.468 GC heap after
Heap after GC invocations=39 (full 5):
 PSYoungGen      total 153728K, used 23499K [0xe1af0000, 0xedc00000, 0xf3640000)
  eden space 115520K, 0% used [0xe1af0000,0xe1af0000,0xe8bc0000)
  from space 38208K, 61% used [0xeb6b0000,0xecda2e28,0xedc00000)
  to   space 41088K, 0% used [0xe8bc0000,0xe8bc0000,0xeb3e0000)
 ParOldGen       total 144448K, used 120621K [0xbe440000, 0xc7150000, 0xe1af0000)
  object space 144448K, 83% used [0xbe440000,0xc5a0b490,0xc7150000)
 PSPermGen       total 83968K, used 51206K [0xaea40000, 0xb3c40000, 0xbe440000)
  object space 83968K, 60% used [0xaea40000,0xb1c41998,0xb3c40000)
}
Event: 347.574 GC heap before
{Heap before GC invocations=40 (full 5):
 PSYoungGen      total 153728K, used 139019K [0xe1af0000, 0xedc00000, 0xf3640000)
  eden space 115520K, 100% used [0xe1af0000,0xe8bc0000,0xe8bc0000)
  from space 38208K, 61% used [0xeb6b0000,0xecda2e28,0xedc00000)
  to   space 41088K, 0% used [0xe8bc0000,0xe8bc0000,0xeb3e0000)
 ParOldGen       total 144448K, used 120621K [0xbe440000, 0xc7150000, 0xe1af0000)
  object space 144448K, 83% used [0xbe440000,0xc5a0b490,0xc7150000)
 PSPermGen       total 83968K, used 51216K [0xaea40000, 0xb3c40000, 0xbe440000)
  object space 83968K, 60% used [0xaea40000,0xb1c442b0,0xb3c40000)
Event: 347.602 GC heap after
Heap after GC invocations=40 (full 5):
 PSYoungGen      total 156608K, used 35115K [0xe1af0000, 0xeec70000, 0xf3640000)
  eden space 115520K, 0% used [0xe1af0000,0xe1af0000,0xe8bc0000)
  from space 41088K, 85% used [0xe8bc0000,0xeae0af78,0xeb3e0000)
  to   space 45888K, 0% used [0xebfa0000,0xebfa0000,0xeec70000)
 ParOldGen       total 144448K, used 120621K [0xbe440000, 0xc7150000, 0xe1af0000)
  object space 144448K, 83% used [0xbe440000,0xc5a0b490,0xc7150000)
 PSPermGen       total 83968K, used 51216K [0xaea40000, 0xb3c40000, 0xbe440000)
  object space 83968K, 60% used [0xaea40000,0xb1c442b0,0xb3c40000)
}
Event: 349.900 GC heap before
{Heap before GC invocations=41 (full 5):
 PSYoungGen      total 156608K, used 150635K [0xe1af0000, 0xeec70000, 0xf3640000)
  eden space 115520K, 100% used [0xe1af0000,0xe8bc0000,0xe8bc0000)
  from space 41088K, 85% used [0xe8bc0000,0xeae0af78,0xeb3e0000)
  to   space 45888K, 0% used [0xebfa0000,0xebfa0000,0xeec70000)
 ParOldGen       total 144448K, used 120621K [0xbe440000, 0xc7150000, 0xe1af0000)
  object space 144448K, 83% used [0xbe440000,0xc5a0b490,0xc7150000)
 PSPermGen       total 83968K, used 51499K [0xaea40000, 0xb3c40000, 0xbe440000)
  object space 83968K, 61% used [0xaea40000,0xb1c8ae88,0xb3c40000)
Event: 349.947 GC heap after
Heap after GC invocations=41 (full 5):
 PSYoungGen      total 162944K, used 40475K [0xe1af0000, 0xef750000, 0xf3640000)
  eden space 117056K, 0% used [0xe1af0000,0xe1af0000,0xe8d40000)
  from space 45888K, 88% used [0xebfa0000,0xee726d80,0xeec70000)
  to   space 51584K, 0% used [0xe8d40000,0xe8d40000,0xebfa0000)
 ParOldGen       total 144448K, used 120621K [0xbe440000, 0xc7150000, 0xe1af0000)
  object space 144448K, 83% used [0xbe440000,0xc5a0b490,0xc7150000)
 PSPermGen       total 83968K, used 51499K [0xaea40000, 0xb3c40000, 0xbe440000)
  object space 83968K, 61% used [0xaea40000,0xb1c8ae88,0xb3c40000)
}
Event: 373.805 GC heap before
{Heap before GC invocations=42 (full 5):
 PSYoungGen      total 162944K, used 157531K [0xe1af0000, 0xef750000, 0xf3640000)
  eden space 117056K, 100% used [0xe1af0000,0xe8d40000,0xe8d40000)
  from space 45888K, 88% used [0xebfa0000,0xee726d80,0xeec70000)
  to   space 51584K, 0% used [0xe8d40000,0xe8d40000,0xebfa0000)
 ParOldGen       total 144448K, used 120621K [0xbe440000, 0xc7150000, 0xe1af0000)
  object space 144448K, 83% used [0xbe440000,0xc5a0b490,0xc7150000)
 PSPermGen       total 83968K, used 52049K [0xaea40000, 0xb3c40000, 0xbe440000)
  object space 83968K, 61% used [0xaea40000,0xb1d14500,0xb3c40000)
Event: 373.845 GC heap after
Heap after GC invocations=42 (full 5):
 PSYoungGen      total 168640K, used 37536K [0xe1af0000, 0xefe60000, 0xf3640000)
  eden space 117056K, 0% used [0xe1af0000,0xe1af0000,0xe8d40000)
  from space 51584K, 72% used [0xe8d40000,0xeb1e8190,0xebfa0000)
  to   space 55040K, 0% used [0xec8a0000,0xec8a0000,0xefe60000)
 ParOldGen       total 144448K, used 120621K [0xbe440000, 0xc7150000, 0xe1af0000)
  object space 144448K, 83% used [0xbe440000,0xc5a0b490,0xc7150000)
 PSPermGen       total 83968K, used 52049K [0xaea40000, 0xb3c40000, 0xbe440000)
  object space 83968K, 61% used [0xaea40000,0xb1d14500,0xb3c40000)
}

