# JRE version: 7.0_07-b10
# Java VM: Java HotSpot(TM) 64-Bit Server VM (23.3-b01 mixed mode linux-amd64 compressed oops)
Heap
 PSYoungGen      total 20288K, used 6169K [0x00000000d7200000, 0x00000000d8830000, 0x0000000100000000)
  eden space 20160K, 30% used [0x00000000d7200000,0x00000000d77ee560,0x00000000d85b0000)
  from space 128K, 75% used [0x00000000d8610000,0x00000000d8628000,0x00000000d8630000)
  to   space 1280K, 0% used [0x00000000d86f0000,0x00000000d86f0000,0x00000000d8830000)
 ParOldGen       total 83712K, used 1154K [0x0000000085600000, 0x000000008a7c0000, 0x00000000d7200000)
  object space 83712K, 1% used [0x0000000085600000,0x0000000085720b08,0x000000008a7c0000)
 PSPermGen       total 21248K, used 7802K [0x0000000080400000, 0x00000000818c0000, 0x0000000085600000)
  object space 21248K, 36% used [0x0000000080400000,0x0000000080b9eab0,0x00000000818c0000)
GC Heap History (10 events):
Event: 27,204 GC heap before
{Heap before GC invocations=21 (full 0):
 PSYoungGen      total 23296K, used 22208K [0x00000000d7200000, 0x00000000d8ae0000, 0x0000000100000000)
  eden space 22144K, 100% used [0x00000000d7200000,0x00000000d87a0000,0x00000000d87a0000)
  from space 1152K, 5% used [0x00000000d89c0000,0x00000000d89d0000,0x00000000d8ae0000)
  to   space 1664K, 0% used [0x00000000d87a0000,0x00000000d87a0000,0x00000000d8940000)
 ParOldGen       total 83712K, used 1154K [0x0000000085600000, 0x000000008a7c0000, 0x00000000d7200000)
  object space 83712K, 1% used [0x0000000085600000,0x0000000085720b08,0x000000008a7c0000)
 PSPermGen       total 21248K, used 7670K [0x0000000080400000, 0x00000000818c0000, 0x0000000085600000)
  object space 21248K, 36% used [0x0000000080400000,0x0000000080b7d908,0x00000000818c0000)
Event: 27,206 GC heap after
Heap after GC invocations=21 (full 0):
 PSYoungGen      total 21760K, used 64K [0x00000000d7200000, 0x00000000d8a50000, 0x0000000100000000)
  eden space 21696K, 0% used [0x00000000d7200000,0x00000000d7200000,0x00000000d8730000)
  from space 64K, 100% used [0x00000000d87a0000,0x00000000d87b0000,0x00000000d87b0000)
  to   space 1600K, 0% used [0x00000000d88c0000,0x00000000d88c0000,0x00000000d8a50000)
 ParOldGen       total 83712K, used 1154K [0x0000000085600000, 0x000000008a7c0000, 0x00000000d7200000)
  object space 83712K, 1% used [0x0000000085600000,0x0000000085720b08,0x000000008a7c0000)
 PSPermGen       total 21248K, used 7670K [0x0000000080400000, 0x00000000818c0000, 0x0000000085600000)
  object space 21248K, 36% used [0x0000000080400000,0x0000000080b7d908,0x00000000818c0000)
}
Event: 28,304 GC heap before
{Heap before GC invocations=22 (full 0):
 PSYoungGen      total 21760K, used 21760K [0x00000000d7200000, 0x00000000d8a50000, 0x0000000100000000)
  eden space 21696K, 100% used [0x00000000d7200000,0x00000000d8730000,0x00000000d8730000)
  from space 64K, 100% used [0x00000000d87a0000,0x00000000d87b0000,0x00000000d87b0000)
  to   space 1600K, 0% used [0x00000000d88c0000,0x00000000d88c0000,0x00000000d8a50000)
 ParOldGen       total 83712K, used 1154K [0x0000000085600000, 0x000000008a7c0000, 0x00000000d7200000)
  object space 83712K, 1% used [0x0000000085600000,0x0000000085720b08,0x000000008a7c0000)
 PSPermGen       total 21248K, used 7670K [0x0000000080400000, 0x00000000818c0000, 0x0000000085600000)
  object space 21248K, 36% used [0x0000000080400000,0x0000000080b7dab8,0x00000000818c0000)
Event: 28,305 GC heap after
Heap after GC invocations=22 (full 0):
 PSYoungGen      total 22272K, used 64K [0x00000000d7200000, 0x00000000d89b0000, 0x0000000100000000)
  eden space 21312K, 0% used [0x00000000d7200000,0x00000000d7200000,0x00000000d86d0000)
  from space 960K, 6% used [0x00000000d88c0000,0x00000000d88d0000,0x00000000d89b0000)
  to   space 1472K, 0% used [0x00000000d86d0000,0x00000000d86d0000,0x00000000d8840000)
 ParOldGen       total 83712K, used 1154K [0x0000000085600000, 0x000000008a7c0000, 0x00000000d7200000)
  object space 83712K, 1% used [0x0000000085600000,0x0000000085720b08,0x000000008a7c0000)
 PSPermGen       total 21248K, used 7670K [0x0000000080400000, 0x00000000818c0000, 0x0000000085600000)
  object space 21248K, 36% used [0x0000000080400000,0x0000000080b7dab8,0x00000000818c0000)
}
Event: 29,467 GC heap before
{Heap before GC invocations=23 (full 0):
 PSYoungGen      total 22272K, used 21376K [0x00000000d7200000, 0x00000000d89b0000, 0x0000000100000000)
  eden space 21312K, 100% used [0x00000000d7200000,0x00000000d86d0000,0x00000000d86d0000)
  from space 960K, 6% used [0x00000000d88c0000,0x00000000d88d0000,0x00000000d89b0000)
  to   space 1472K, 0% used [0x00000000d86d0000,0x00000000d86d0000,0x00000000d8840000)
 ParOldGen       total 83712K, used 1154K [0x0000000085600000, 0x000000008a7c0000, 0x00000000d7200000)
  object space 83712K, 1% used [0x0000000085600000,0x0000000085720b08,0x000000008a7c0000)
 PSPermGen       total 21248K, used 7670K [0x0000000080400000, 0x00000000818c0000, 0x0000000085600000)
  object space 21248K, 36% used [0x0000000080400000,0x0000000080b7dab8,0x00000000818c0000)
Event: 29,468 GC heap after
Heap after GC invocations=23 (full 0):
 PSYoungGen      total 20992K, used 32K [0x00000000d7200000, 0x00000000d8930000, 0x0000000100000000)
  eden space 20928K, 0% used [0x00000000d7200000,0x00000000d7200000,0x00000000d8670000)
  from space 64K, 50% used [0x00000000d86d0000,0x00000000d86d8000,0x00000000d86e0000)
  to   space 1408K, 0% used [0x00000000d87d0000,0x00000000d87d0000,0x00000000d8930000)
 ParOldGen       total 83712K, used 1154K [0x0000000085600000, 0x000000008a7c0000, 0x00000000d7200000)
  object space 83712K, 1% used [0x0000000085600000,0x0000000085720b08,0x000000008a7c0000)
 PSPermGen       total 21248K, used 7670K [0x0000000080400000, 0x00000000818c0000, 0x0000000085600000)
  object space 21248K, 36% used [0x0000000080400000,0x0000000080b7dab8,0x00000000818c0000)
}
Event: 30,604 GC heap before
{Heap before GC invocations=24 (full 0):
 PSYoungGen      total 20992K, used 20960K [0x00000000d7200000, 0x00000000d8930000, 0x0000000100000000)
  eden space 20928K, 100% used [0x00000000d7200000,0x00000000d8670000,0x00000000d8670000)
  from space 64K, 50% used [0x00000000d86d0000,0x00000000d86d8000,0x00000000d86e0000)
  to   space 1408K, 0% used [0x00000000d87d0000,0x00000000d87d0000,0x00000000d8930000)
 ParOldGen       total 83712K, used 1154K [0x0000000085600000, 0x000000008a7c0000, 0x00000000d7200000)
  object space 83712K, 1% used [0x0000000085600000,0x0000000085720b08,0x000000008a7c0000)
 PSPermGen       total 21248K, used 7670K [0x0000000080400000, 0x00000000818c0000, 0x0000000085600000)
  object space 21248K, 36% used [0x0000000080400000,0x0000000080b7dbc8,0x00000000818c0000)
Event: 30,605 GC heap after
Heap after GC invocations=24 (full 0):
 PSYoungGen      total 21440K, used 32K [0x00000000d7200000, 0x00000000d88b0000, 0x0000000100000000)
  eden space 20544K, 0% used [0x00000000d7200000,0x00000000d7200000,0x00000000d8610000)
  from space 896K, 3% used [0x00000000d87d0000,0x00000000d87d8000,0x00000000d88b0000)
  to   space 1344K, 0% used [0x00000000d8610000,0x00000000d8610000,0x00000000d8760000)
 ParOldGen       total 83712K, used 1154K [0x0000000085600000, 0x000000008a7c0000, 0x00000000d7200000)
  object space 83712K, 1% used [0x0000000085600000,0x0000000085720b08,0x000000008a7c0000)
 PSPermGen       total 21248K, used 7670K [0x0000000080400000, 0x00000000818c0000, 0x0000000085600000)
  object space 21248K, 36% used [0x0000000080400000,0x0000000080b7dbc8,0x00000000818c0000)
}
Event: 31,730 GC heap before
{Heap before GC invocations=25 (full 0):
 PSYoungGen      total 21440K, used 20576K [0x00000000d7200000, 0x00000000d88b0000, 0x0000000100000000)
  eden space 20544K, 100% used [0x00000000d7200000,0x00000000d8610000,0x00000000d8610000)
  from space 896K, 3% used [0x00000000d87d0000,0x00000000d87d8000,0x00000000d88b0000)
  to   space 1344K, 0% used [0x00000000d8610000,0x00000000d8610000,0x00000000d8760000)
 ParOldGen       total 83712K, used 1154K [0x0000000085600000, 0x000000008a7c0000, 0x00000000d7200000)
  object space 83712K, 1% used [0x0000000085600000,0x0000000085720b08,0x000000008a7c0000)
 PSPermGen       total 21248K, used 7671K [0x0000000080400000, 0x00000000818c0000, 0x0000000085600000)
  object space 21248K, 36% used [0x0000000080400000,0x0000000080b7def8,0x00000000818c0000)
Event: 31,730 GC heap after
Heap after GC invocations=25 (full 0):
 PSYoungGen      total 20288K, used 96K [0x00000000d7200000, 0x00000000d8830000, 0x0000000100000000)
  eden space 20160K, 0% used [0x00000000d7200000,0x00000000d7200000,0x00000000d85b0000)
  from space 128K, 75% used [0x00000000d8610000,0x00000000d8628000,0x00000000d8630000)
  to   space 1280K, 0% used [0x00000000d86f0000,0x00000000d86f0000,0x00000000d8830000)
 ParOldGen       total 83712K, used 1154K [0x0000000085600000, 0x000000008a7c0000, 0x00000000d7200000)
  object space 83712K, 1% used [0x0000000085600000,0x0000000085720b08,0x000000008a7c0000)
 PSPermGen       total 21248K, used 7671K [0x0000000080400000, 0x00000000818c0000, 0x0000000085600000)
  object space 21248K, 36% used [0x0000000080400000,0x0000000080b7def8,0x00000000818c0000)
}

