# JRE version: Java(TM) SE Runtime Environment (8.0_40-b25) (build 1.8.0_40-b25)
# Java VM: Java HotSpot(TM) 64-Bit Server VM (25.40-b25 mixed mode linux-amd64 compressed oops)
# JRE version: Java(TM) SE Runtime Environment (8.0_40-b25) (build 1.8.0_40-b25)
# Java VM: Java HotSpot(TM) 64-Bit Server VM (25.40-b25 mixed mode linux-amd64 compressed oops)
# JRE version: Java(TM) SE Runtime Environment (8.0_40-b25) (build 1.8.0_40-b25)
# Java VM: Java HotSpot(TM) 64-Bit Server VM (25.40-b25 mixed mode linux-amd64 compressed oops)
Heap:
 PSYoungGen      total 268288K, used 177520K [0x00000000d5600000, 0x00000000eaa00000, 0x0000000100000000)
  eden space 190464K, 81% used [0x00000000d5600000,0x00000000ded87768,0x00000000e1000000)
  from space 77824K, 28% used [0x00000000e1000000,0x00000000e25d4be0,0x00000000e5c00000)
  to   space 73728K, 0% used [0x00000000e6200000,0x00000000e6200000,0x00000000eaa00000)
 ParOldGen       total 763904K, used 735723K [0x0000000080000000, 0x00000000aea00000, 0x00000000d5600000)
  object space 763904K, 96% used [0x0000000080000000,0x00000000ace7ac20,0x00000000aea00000)
 Metaspace       used 83727K, capacity 84471K, committed 84824K, reserved 1122304K
  class space    used 11072K, capacity 11267K, committed 11392K, reserved 1048576K
GC Heap History (10 events):
Event: 1985.564 GC heap before
{Heap before GC invocations=524 (full 9):
 PSYoungGen      total 262144K, used 200916K [0x00000000d5600000, 0x00000000eaa00000, 0x0000000100000000)
  eden space 180224K, 100% used [0x00000000d5600000,0x00000000e0600000,0x00000000e0600000)
  from space 81920K, 25% used [0x00000000e5a00000,0x00000000e6e35350,0x00000000eaa00000)
  to   space 83968K, 0% used [0x00000000e0600000,0x00000000e0600000,0x00000000e5800000)
 ParOldGen       total 763904K, used 726144K [0x0000000080000000, 0x00000000aea00000, 0x00000000d5600000)
  object space 763904K, 95% used [0x0000000080000000,0x00000000ac5200f0,0x00000000aea00000)
 Metaspace       used 83706K, capacity 84465K, committed 84824K, reserved 1122304K
  class space    used 11072K, capacity 11266K, committed 11392K, reserved 1048576K
Event: 1985.577 GC heap after
Heap after GC invocations=524 (full 9):
 PSYoungGen      total 264192K, used 21035K [0x00000000d5600000, 0x00000000eaa00000, 0x0000000100000000)
  eden space 180224K, 0% used [0x00000000d5600000,0x00000000d5600000,0x00000000e0600000)
  from space 83968K, 25% used [0x00000000e0600000,0x00000000e1a8ad60,0x00000000e5800000)
  to   space 83968K, 0% used [0x00000000e5800000,0x00000000e5800000,0x00000000eaa00000)
 ParOldGen       total 763904K, used 727973K [0x0000000080000000, 0x00000000aea00000, 0x00000000d5600000)
  object space 763904K, 95% used [0x0000000080000000,0x00000000ac6e95c0,0x00000000aea00000)
 Metaspace       used 83706K, capacity 84465K, committed 84824K, reserved 1122304K
  class space    used 11072K, capacity 11266K, committed 11392K, reserved 1048576K
}
Event: 1990.074 GC heap before
{Heap before GC invocations=525 (full 9):
 PSYoungGen      total 264192K, used 201259K [0x00000000d5600000, 0x00000000eaa00000, 0x0000000100000000)
  eden space 180224K, 100% used [0x00000000d5600000,0x00000000e0600000,0x00000000e0600000)
  from space 83968K, 25% used [0x00000000e0600000,0x00000000e1a8ad60,0x00000000e5800000)
  to   space 83968K, 0% used [0x00000000e5800000,0x00000000e5800000,0x00000000eaa00000)
 ParOldGen       total 763904K, used 727973K [0x0000000080000000, 0x00000000aea00000, 0x00000000d5600000)
  object space 763904K, 95% used [0x0000000080000000,0x00000000ac6e95c0,0x00000000aea00000)
 Metaspace       used 83718K, capacity 84465K, committed 84824K, reserved 1122304K
  class space    used 11072K, capacity 11266K, committed 11392K, reserved 1048576K
Event: 1990.101 GC heap after
Heap after GC invocations=525 (full 9):
 PSYoungGen      total 266240K, used 20789K [0x00000000d5600000, 0x00000000eaa00000, 0x0000000100000000)
  eden space 182272K, 0% used [0x00000000d5600000,0x00000000d5600000,0x00000000e0800000)
  from space 83968K, 24% used [0x00000000e5800000,0x00000000e6c4d4f0,0x00000000eaa00000)
  to   space 81920K, 0% used [0x00000000e0800000,0x00000000e0800000,0x00000000e5800000)
 ParOldGen       total 763904K, used 731457K [0x0000000080000000, 0x00000000aea00000, 0x00000000d5600000)
  object space 763904K, 95% used [0x0000000080000000,0x00000000aca50770,0x00000000aea00000)
 Metaspace       used 83718K, capacity 84465K, committed 84824K, reserved 1122304K
  class space    used 11072K, capacity 11266K, committed 11392K, reserved 1048576K
}
Event: 1995.004 GC heap before
{Heap before GC invocations=526 (full 9):
 PSYoungGen      total 266240K, used 203061K [0x00000000d5600000, 0x00000000eaa00000, 0x0000000100000000)
  eden space 182272K, 100% used [0x00000000d5600000,0x00000000e0800000,0x00000000e0800000)
  from space 83968K, 24% used [0x00000000e5800000,0x00000000e6c4d4f0,0x00000000eaa00000)
  to   space 81920K, 0% used [0x00000000e0800000,0x00000000e0800000,0x00000000e5800000)
 ParOldGen       total 763904K, used 731457K [0x0000000080000000, 0x00000000aea00000, 0x00000000d5600000)
  object space 763904K, 95% used [0x0000000080000000,0x00000000aca50770,0x00000000aea00000)
 Metaspace       used 83722K, capacity 84471K, committed 84824K, reserved 1122304K
  class space    used 11072K, capacity 11267K, committed 11392K, reserved 1048576K
Event: 1995.011 GC heap after
Heap after GC invocations=526 (full 9):
 PSYoungGen      total 264192K, used 20221K [0x00000000d5600000, 0x00000000eaa00000, 0x0000000100000000)
  eden space 182272K, 0% used [0x00000000d5600000,0x00000000d5600000,0x00000000e0800000)
  from space 81920K, 24% used [0x00000000e0800000,0x00000000e1bbf540,0x00000000e5800000)
  to   space 79872K, 0% used [0x00000000e5c00000,0x00000000e5c00000,0x00000000eaa00000)
 ParOldGen       total 763904K, used 732254K [0x0000000080000000, 0x00000000aea00000, 0x00000000d5600000)
  object space 763904K, 95% used [0x0000000080000000,0x00000000acb17850,0x00000000aea00000)
 Metaspace       used 83722K, capacity 84471K, committed 84824K, reserved 1122304K
  class space    used 11072K, capacity 11267K, committed 11392K, reserved 1048576K
}
Event: 1999.093 GC heap before
{Heap before GC invocations=527 (full 9):
 PSYoungGen      total 264192K, used 202493K [0x00000000d5600000, 0x00000000eaa00000, 0x0000000100000000)
  eden space 182272K, 100% used [0x00000000d5600000,0x00000000e0800000,0x00000000e0800000)
  from space 81920K, 24% used [0x00000000e0800000,0x00000000e1bbf540,0x00000000e5800000)
  to   space 79872K, 0% used [0x00000000e5c00000,0x00000000e5c00000,0x00000000eaa00000)
 ParOldGen       total 763904K, used 732254K [0x0000000080000000, 0x00000000aea00000, 0x00000000d5600000)
  object space 763904K, 95% used [0x0000000080000000,0x00000000acb17850,0x00000000aea00000)
 Metaspace       used 83723K, capacity 84471K, committed 84824K, reserved 1122304K
  class space    used 11072K, capacity 11267K, committed 11392K, reserved 1048576K
Event: 1999.100 GC heap after
Heap after GC invocations=527 (full 9):
 PSYoungGen      total 270336K, used 23622K [0x00000000d5600000, 0x00000000eaa00000, 0x0000000100000000)
  eden space 190464K, 0% used [0x00000000d5600000,0x00000000d5600000,0x00000000e1000000)
  from space 79872K, 29% used [0x00000000e5c00000,0x00000000e73119c0,0x00000000eaa00000)
  to   space 77824K, 0% used [0x00000000e1000000,0x00000000e1000000,0x00000000e5c00000)
 ParOldGen       total 763904K, used 732532K [0x0000000080000000, 0x00000000aea00000, 0x00000000d5600000)
  object space 763904K, 95% used [0x0000000080000000,0x00000000acb5d2a0,0x00000000aea00000)
 Metaspace       used 83723K, capacity 84471K, committed 84824K, reserved 1122304K
  class space    used 11072K, capacity 11267K, committed 11392K, reserved 1048576K
}
Event: 2003.472 GC heap before
{Heap before GC invocations=528 (full 9):
 PSYoungGen      total 270336K, used 214086K [0x00000000d5600000, 0x00000000eaa00000, 0x0000000100000000)
  eden space 190464K, 100% used [0x00000000d5600000,0x00000000e1000000,0x00000000e1000000)
  from space 79872K, 29% used [0x00000000e5c00000,0x00000000e73119c0,0x00000000eaa00000)
  to   space 77824K, 0% used [0x00000000e1000000,0x00000000e1000000,0x00000000e5c00000)
 ParOldGen       total 763904K, used 732532K [0x0000000080000000, 0x00000000aea00000, 0x00000000d5600000)
  object space 763904K, 95% used [0x0000000080000000,0x00000000acb5d2a0,0x00000000aea00000)
 Metaspace       used 83724K, capacity 84471K, committed 84824K, reserved 1122304K
  class space    used 11072K, capacity 11267K, committed 11392K, reserved 1048576K
Event: 2003.482 GC heap after
Heap after GC invocations=528 (full 9):
 PSYoungGen      total 268288K, used 22354K [0x00000000d5600000, 0x00000000eaa00000, 0x0000000100000000)
  eden space 190464K, 0% used [0x00000000d5600000,0x00000000d5600000,0x00000000e1000000)
  from space 77824K, 28% used [0x00000000e1000000,0x00000000e25d4be0,0x00000000e5c00000)
  to   space 73728K, 0% used [0x00000000e6200000,0x00000000e6200000,0x00000000eaa00000)
 ParOldGen       total 763904K, used 735723K [0x0000000080000000, 0x00000000aea00000, 0x00000000d5600000)
  object space 763904K, 96% used [0x0000000080000000,0x00000000ace7ac20,0x00000000aea00000)
 Metaspace       used 83724K, capacity 84471K, committed 84824K, reserved 1122304K
  class space    used 11072K, capacity 11267K, committed 11392K, reserved 1048576K
}

